<?xml version="1.0" encoding="UTF-8" ?>
<testsuite failures="0" time="0.731" errors="0" skipped="0" tests="4" name="com.privatebusiness.KozySound.DBManagerTest">
  <properties>
[...]
</properties>
  <testcase time="0.001" classname="com.privatebusiness.KozySound.DBManagerTest" name="checkConnection"/>
  <testcase time="0.158" classname="com.privatebusiness.KozySound.DBManagerTest" name="checkAddingTrack"/>
  <testcase time="0.013" classname="com.privatebusiness.KozySound.DBManagerTest" name="checkAddingAlbum"/>
  <testcase time="0.004" classname="com.privatebusiness.KozySound.DBManagerTest" name="checkAddingArtist"/>
</testsuite>